2024-09-06T10:45:58.639+01:00  INFO 7911 --- [main] c.e.charities.CharitiesApplication       : Starting CharitiesApplication using Java 22.0.2 with PID 7911 (/Users/narayananp24/Documents/repositories/charities/target/classes started by narayananp24 in /Users/narayananp24/Documents/repositories/charities)
2024-09-06T10:45:58.666+01:00 DEBUG 7911 --- [main] c.e.charities.CharitiesApplication       : Running with Spring Boot v3.1.3, Spring v6.0.11
2024-09-06T10:45:58.686+01:00  INFO 7911 --- [main] c.e.charities.CharitiesApplication       : No active profile set, falling back to 1 default profile: "default"
2024-09-06T10:45:59.386+01:00  INFO 7911 --- [main] .s.d.r.c.RepositoryConfigurationDelegate : Bootstrapping Spring Data JPA repositories in DEFAULT mode.
2024-09-06T10:45:59.440+01:00  INFO 7911 --- [main] .s.d.r.c.RepositoryConfigurationDelegate : Finished Spring Data repository scanning in 44 ms. Found 1 JPA repository interfaces.
2024-09-06T10:46:00.126+01:00  INFO 7911 --- [main] o.s.b.w.embedded.tomcat.TomcatWebServer  : Tomcat initialized with port(s): 8080 (http)
2024-09-06T10:46:00.134+01:00  INFO 7911 --- [main] o.apache.catalina.core.StandardService   : Starting service [Tomcat]
2024-09-06T10:46:00.134+01:00  INFO 7911 --- [main] o.apache.catalina.core.StandardEngine    : Starting Servlet engine: [Apache Tomcat/10.1.12]
2024-09-06T10:46:00.216+01:00  INFO 7911 --- [main] o.a.c.c.C.[Tomcat].[localhost].[/]       : Initializing Spring embedded WebApplicationContext
2024-09-06T10:46:00.217+01:00  INFO 7911 --- [main] w.s.c.ServletWebServerApplicationContext : Root WebApplicationContext: initialization completed in 1446 ms
2024-09-06T10:46:00.346+01:00  INFO 7911 --- [main] com.zaxxer.hikari.HikariDataSource       : HikariPool-1 - Starting...
2024-09-06T10:46:00.529+01:00  INFO 7911 --- [main] com.zaxxer.hikari.pool.HikariPool        : HikariPool-1 - Added connection conn0: url=jdbc:h2:mem:6a5291cb-3901-4b30-ae5c-6230bc1c5d58 user=SA
2024-09-06T10:46:00.531+01:00  INFO 7911 --- [main] com.zaxxer.hikari.HikariDataSource       : HikariPool-1 - Start completed.
2024-09-06T10:46:00.585+01:00  INFO 7911 --- [main] o.hibernate.jpa.internal.util.LogHelper  : HHH000204: Processing PersistenceUnitInfo [name: default]
2024-09-06T10:46:00.631+01:00  INFO 7911 --- [main] org.hibernate.Version                    : HHH000412: Hibernate ORM core version 6.2.7.Final
2024-09-06T10:46:00.633+01:00  INFO 7911 --- [main] org.hibernate.cfg.Environment            : HHH000406: Using bytecode reflection optimizer
2024-09-06T10:46:00.756+01:00  INFO 7911 --- [main] o.h.b.i.BytecodeProviderInitiator        : HHH000021: Bytecode provider name : bytebuddy
2024-09-06T10:46:00.888+01:00  INFO 7911 --- [main] o.s.o.j.p.SpringPersistenceUnitInfo      : No LoadTimeWeaver setup: ignoring JPA class transformer
2024-09-06T10:46:01.089+01:00  INFO 7911 --- [main] o.h.b.i.BytecodeProviderInitiator        : HHH000021: Bytecode provider name : bytebuddy
2024-09-06T10:46:01.568+01:00  INFO 7911 --- [main] o.h.e.t.j.p.i.JtaPlatformInitiator       : HHH000490: Using JtaPlatform implementation: [org.hibernate.engine.transaction.jta.platform.internal.NoJtaPlatform]
2024-09-06T10:46:01.592+01:00  INFO 7911 --- [main] j.LocalContainerEntityManagerFactoryBean : Initialized JPA EntityManagerFactory for persistence unit 'default'
2024-09-06T10:46:01.868+01:00  WARN 7911 --- [main] JpaBaseConfiguration$JpaWebConfiguration : spring.jpa.open-in-view is enabled by default. Therefore, database queries may be performed during view rendering. Explicitly configure spring.jpa.open-in-view to disable this warning
2024-09-06T10:46:02.167+01:00  INFO 7911 --- [main] o.s.b.w.embedded.tomcat.TomcatWebServer  : Tomcat started on port(s): 8080 (http) with context path ''
2024-09-06T10:46:02.174+01:00  INFO 7911 --- [main] c.e.charities.CharitiesApplication       : Started CharitiesApplication in 4.231 seconds (process running for 4.889)
